<?xml version="1.0" encoding="UTF-8"?>
<!-- Generated by org.testng.reporters.JUnitXMLReporter -->
<testsuite ignored="6" hostname="DESKTOP-MT8P8LQ" failures="0" tests="11" name="Test2" time="0.156" errors="0" timestamp="2026-01-16T14:03:24 IST">
  <testcase classname="com.qa.testCases.TestNgAll" name="annotation05" time="0.024"/>
  <testcase classname="com.qa.testCases.TestNgAll" name="annotation07" time="0.002"/>
  <testcase classname="com.qa.testCases.TestNgAll" name="annotation10" time="0.002"/>
  <testcase classname="com.qa.testCases.TestNgAll2" name="annotation04" time="0.003"/>
  <testcase classname="com.qa.testCases.TestNgAll2" name="annotation05" time="0.001"/>
  <testcase classname="com.qa.testCases.TestNgAll2" name="annotation07" time="0.002"/>
  <testcase classname="com.qa.testCases.TestNgAll2" name="annotation08" time="0.004"/>
  <testcase classname="com.qa.testCases.TestNgAll2" name="annotation09" time="0.001"/>
  <testcase classname="com.qa.testCases.TestNgAll2" name="annotation10" time="0.002"/>
  <testcase classname="com.qa.testCases.TestNgAll2" name="annotation01" time="0.008"/>
  <testcase classname="com.qa.testCases.TestNgAll2" name="annotation03" time="0.002"/>
  <testcase classname="com.qa.testCases.TestNgAll" name="annotation01" time="0.0">
    <ignored/>
  </testcase> <!-- annotation01 -->
  <testcase classname="com.qa.testCases.TestNgAll2" name="annotation02" time="0.0">
    <ignored/>
  </testcase> <!-- annotation02 -->
  <testcase classname="com.qa.testCases.TestNgAll" name="annotation09" time="0.0">
    <ignored/>
  </testcase> <!-- annotation09 -->
  <testcase classname="com.qa.testCases.TestNgAll" name="annotation08" time="0.0">
    <ignored/>
  </testcase> <!-- annotation08 -->
  <testcase classname="com.qa.testCases.TestNgAll" name="annotation03" time="0.0">
    <ignored/>
  </testcase> <!-- annotation03 -->
  <testcase classname="com.qa.testCases.TestNgAll" name="annotation02" time="0.0">
    <ignored/>
  </testcase> <!-- annotation02 -->
</testsuite> <!-- Test2 -->
