<?xml version="1.0" encoding="UTF-8"?>
<!-- Generated by org.testng.reporters.JUnitXMLReporter -->
<testsuite ignored="0" hostname="SUNB-Abhishek-Thakre" failures="0" tests="8" name="Test2" time="0.075" errors="0" timestamp="2024-05-15T12:52:11 IST">
  <testcase classname="com.qa.test.testNgPeactice001.Test001" name="testme" time="0.008"/>
  <testcase classname="com.qa.test.testNgPeactice001.Test001" name="testme1" time="0.002"/>
  <testcase classname="com.qa.test.testNgPeactice001.Test002" name="testme12" time="0.001"/>
  <testcase classname="com.qa.test.testNgPeactice001.Test002" name="testme2" time="0.001"/>
  <testcase classname="com.qa.test.testNgPeactice001.Test003" name="abbyTestme12" time="0.002"/>
  <testcase classname="com.qa.test.testNgPeactice001.Test003" name="abbyTestme2" time="0.003"/>
  <testcase classname="com.qa.test.testNgPeactice001.Test004" name="AbhiTestme12" time="0.003"/>
  <testcase classname="com.qa.test.testNgPeactice001.Test004" name="AbhiTestme2" time="0.001"/>
</testsuite> <!-- Test2 -->
