<?xml version="1.0" encoding="UTF-8"?>
<!-- Generated by org.testng.reporters.JUnitXMLReporter -->
<testsuite ignored="7" hostname="DESKTOP-MT8P8LQ" failures="0" tests="2" name="Default test" time="0.1" errors="0" timestamp="2026-01-16T13:57:21 IST">
  <testcase classname="com.qa.testCases.TestNgAll2" name="annotation04" time="0.022"/>
  <testcase classname="com.qa.testCases.TestNgAll2" name="annotation03" time="0.002"/>
  <testcase classname="com.qa.testCases.TestNgAll2" name="annotation01" time="0.0">
    <ignored/>
  </testcase> <!-- annotation01 -->
  <testcase classname="com.qa.testCases.TestNgAll2" name="annotation07" time="0.0">
    <ignored/>
  </testcase> <!-- annotation07 -->
  <testcase classname="com.qa.testCases.TestNgAll2" name="annotation02" time="0.0">
    <ignored/>
  </testcase> <!-- annotation02 -->
  <testcase classname="com.qa.testCases.TestNgAll2" name="annotation05" time="0.0">
    <ignored/>
  </testcase> <!-- annotation05 -->
  <testcase classname="com.qa.testCases.TestNgAll2" name="annotation08" time="0.0">
    <ignored/>
  </testcase> <!-- annotation08 -->
  <testcase classname="com.qa.testCases.TestNgAll2" name="annotation09" time="0.0">
    <ignored/>
  </testcase> <!-- annotation09 -->
  <testcase classname="com.qa.testCases.TestNgAll2" name="annotation10" time="0.0">
    <ignored/>
  </testcase> <!-- annotation10 -->
</testsuite> <!-- Default test -->
