<?xml version="1.0" encoding="UTF-8"?>
<!-- Generated by org.testng.reporters.JUnitXMLReporter -->
<testsuite ignored="3" hostname="DESKTOP-MT8P8LQ" failures="0" tests="3" name="Test" time="16.395" errors="0" timestamp="2024-12-28T12:31:50 IST">
  <testcase classname="com.qa.testCases.SearchTest" name="searchProduct01" time="0.011"/>
  <testcase classname="com.qa.testCases.SearchTest" name="searchProduct02" time="0.002">
    <skipped/>
  </testcase> <!-- searchProduct02 -->
  <testcase classname="com.qa.testCases.SearchTest" name="searchProduct03" time="0.002"/>
  <testcase classname="com.qa.testCases.LoginTest" name="loginWithValidCredentials" time="0.0">
    <ignored/>
  </testcase> <!-- loginWithValidCredentials -->
  <testcase classname="com.qa.testCases.LoginTest" name="loginWithInvalidCredentials" time="0.0">
    <ignored/>
  </testcase> <!-- loginWithInvalidCredentials -->
  <testcase classname="com.qa.testCases.LoginTest" name="loginWithNoCredentials" time="0.0">
    <ignored/>
  </testcase> <!-- loginWithNoCredentials -->
</testsuite> <!-- Test -->
