<?xml version="1.0" encoding="UTF-8"?>
<!-- Generated by org.testng.reporters.JUnitXMLReporter -->
<testsuite ignored="0" hostname="DESKTOP-MT8P8LQ" failures="0" tests="9" name="Test02" time="64.84" errors="0" timestamp="2025-05-11T19:03:54 IST">
  <testcase classname="com.qa.testCases.Screenshot001" name="abby5" time="0.017"/>
  <testcase classname="com.qa.testCases.LogoutTest" name="logoutTest02" time="1.741"/>
  <testcase classname="com.qa.testCases.Annotation_Sequence" name="test0012" time="0.002"/>
  <testcase classname="com.qa.testCases.LogoutTest" name="logoutTest01" time="0.004"/>
  <testcase classname="com.qa.testCases.LogoutTest" name="logoutTest031" time="0.004"/>
  <testcase classname="com.qa.testCases.Annotation_Sequence" name="test001" time="0.002"/>
  <testcase classname="com.qa.testCases.LogoutTest" name="logoutTest03" time="0.002"/>
  <testcase classname="com.qa.testCases.LogoutTest" name="logoutTest011" time="0.003"/>
  <testcase classname="com.qa.testCases.LogoutTest" name="logoutTest021" time="0.004"/>
</testsuite> <!-- Test02 -->
