<?xml version="1.0" encoding="UTF-8"?>
<!-- Generated by org.testng.reporters.JUnitXMLReporter -->
<testsuite ignored="2" hostname="SUNB-Abhishek-Thakre" failures="0" tests="2" name="Test2" time="0.007" errors="0" timestamp="2024-05-15T12:42:46 IST">
  <testcase classname="com.qa.test.testNgPeactice001.Test004" name="AbhiTestme12" time="0.001"/>
  <testcase classname="com.qa.test.testNgPeactice001.Test004" name="AbhiTestme2" time="0.001"/>
  <testcase classname="com.qa.test.testNgPeactice001.Test003" name="abbyTestme12" time="0.0">
    <ignored/>
  </testcase> <!-- abbyTestme12 -->
  <testcase classname="com.qa.test.testNgPeactice001.Test003" name="abbyTestme2" time="0.0">
    <ignored/>
  </testcase> <!-- abbyTestme2 -->
</testsuite> <!-- Test2 -->
