<?xml version="1.0" encoding="UTF-8"?>
<!-- Generated by org.testng.reporters.JUnitXMLReporter -->
<testsuite ignored="0" hostname="SUNB-Abhishek-Thakre" failures="0" tests="4" name="Test" time="0.065" errors="0" timestamp="2024-05-15T12:05:15 IST">
  <testcase classname="com.qa.test.testNgPeactice001.Test001" name="testme" time="0.009"/>
  <testcase classname="com.qa.test.testNgPeactice001.Test001" name="testme1" time="0.002"/>
  <testcase classname="com.qa.test.testNgPeactice001.Test002" name="testme12" time="0.003"/>
  <testcase classname="com.qa.test.testNgPeactice001.Test002" name="testme2" time="0.004"/>
</testsuite> <!-- Test -->
