<?xml version="1.0" encoding="UTF-8"?>
<testng-results ignored="6" total="17" passed="11" failed="0" skipped="0">
  <reporter-output>
  </reporter-output>
  <suite started-at="2026-01-16T14:03:24 IST" name="Suite2" finished-at="2026-01-16T14:03:24 IST" duration-ms="156">
    <groups>
      <group name="smoke">
        <method signature="TestNgAll2.annotation04()[pri:0, instance:com.qa.testCases.TestNgAll2@7714e963]" name="annotation04" class="com.qa.testCases.TestNgAll2"/>
        <method signature="TestNgAll2.annotation03()[pri:0, instance:com.qa.testCases.TestNgAll2@7714e963]" name="annotation03" class="com.qa.testCases.TestNgAll2"/>
        <method signature="TestNgAll2.annotation05()[pri:0, instance:com.qa.testCases.TestNgAll2@7714e963]" name="annotation05" class="com.qa.testCases.TestNgAll2"/>
        <method signature="TestNgAll.annotation05()[pri:0, instance:com.qa.testCases.TestNgAll@291ae]" name="annotation05" class="com.qa.testCases.TestNgAll"/>
        <method signature="TestNgAll.annotation07()[pri:0, instance:com.qa.testCases.TestNgAll@291ae]" name="annotation07" class="com.qa.testCases.TestNgAll"/>
        <method signature="TestNgAll.annotation10()[pri:0, instance:com.qa.testCases.TestNgAll@291ae]" name="annotation10" class="com.qa.testCases.TestNgAll"/>
        <method signature="TestNgAll2.annotation01(java.lang.String,int)[pri:0, instance:com.qa.testCases.TestNgAll2@7714e963]" name="annotation01" class="com.qa.testCases.TestNgAll2"/>
      </group> <!-- smoke -->
      <group name="sanity">
        <method signature="TestNgAll2.annotation05()[pri:0, instance:com.qa.testCases.TestNgAll2@7714e963]" name="annotation05" class="com.qa.testCases.TestNgAll2"/>
        <method signature="TestNgAll2.annotation07()[pri:0, instance:com.qa.testCases.TestNgAll2@7714e963]" name="annotation07" class="com.qa.testCases.TestNgAll2"/>
        <method signature="TestNgAll2.annotation08()[pri:0, instance:com.qa.testCases.TestNgAll2@7714e963]" name="annotation08" class="com.qa.testCases.TestNgAll2"/>
        <method signature="TestNgAll2.annotation09()[pri:0, instance:com.qa.testCases.TestNgAll2@7714e963]" name="annotation09" class="com.qa.testCases.TestNgAll2"/>
        <method signature="TestNgAll2.annotation10()[pri:0, instance:com.qa.testCases.TestNgAll2@7714e963]" name="annotation10" class="com.qa.testCases.TestNgAll2"/>
      </group> <!-- sanity -->
    </groups>
    <test started-at="2026-01-16T14:03:24 IST" name="Test2" finished-at="2026-01-16T14:03:24 IST" duration-ms="156">
      <class name="com.qa.testCases.TestNgAll2">
        <test-method signature="annotation04()[pri:0, instance:com.qa.testCases.TestNgAll2@7714e963]" started-at="2026-01-16T14:03:24 IST" name="annotation04" finished-at="2026-01-16T14:03:24 IST" duration-ms="3" status="PASS">
          <reporter-output>
          </reporter-output>
        </test-method> <!-- annotation04 -->
        <test-method signature="annotation05()[pri:0, instance:com.qa.testCases.TestNgAll2@7714e963]" started-at="2026-01-16T14:03:24 IST" name="annotation05" finished-at="2026-01-16T14:03:24 IST" duration-ms="1" status="PASS">
          <reporter-output>
          </reporter-output>
        </test-method> <!-- annotation05 -->
        <test-method signature="annotation07()[pri:0, instance:com.qa.testCases.TestNgAll2@7714e963]" started-at="2026-01-16T14:03:24 IST" name="annotation07" finished-at="2026-01-16T14:03:24 IST" duration-ms="2" status="PASS">
          <reporter-output>
          </reporter-output>
        </test-method> <!-- annotation07 -->
        <test-method signature="annotation08()[pri:0, instance:com.qa.testCases.TestNgAll2@7714e963]" started-at="2026-01-16T14:03:24 IST" name="annotation08" finished-at="2026-01-16T14:03:24 IST" duration-ms="4" status="PASS">
          <reporter-output>
          </reporter-output>
        </test-method> <!-- annotation08 -->
        <test-method signature="annotation09()[pri:0, instance:com.qa.testCases.TestNgAll2@7714e963]" started-at="2026-01-16T14:03:24 IST" name="annotation09" finished-at="2026-01-16T14:03:24 IST" duration-ms="1" status="PASS">
          <reporter-output>
          </reporter-output>
        </test-method> <!-- annotation09 -->
        <test-method signature="annotation10()[pri:0, instance:com.qa.testCases.TestNgAll2@7714e963]" started-at="2026-01-16T14:03:24 IST" name="annotation10" finished-at="2026-01-16T14:03:24 IST" duration-ms="2" status="PASS">
          <reporter-output>
          </reporter-output>
        </test-method> <!-- annotation10 -->
        <test-method signature="annotation01(java.lang.String,int)[pri:0, instance:com.qa.testCases.TestNgAll2@7714e963]" started-at="2026-01-16T14:03:24 IST" name="annotation01" finished-at="2026-01-16T14:03:24 IST" duration-ms="8" status="PASS">
          <params>
            <param index="0">
              <value>
                <![CDATA[test@test]]>
              </value>
            </param>
            <param index="1">
              <value>
                <![CDATA[12345]]>
              </value>
            </param>
          </params>
          <reporter-output>
          </reporter-output>
        </test-method> <!-- annotation01 -->
        <test-method signature="annotation03()[pri:0, instance:com.qa.testCases.TestNgAll2@7714e963]" started-at="2026-01-16T14:03:24 IST" name="annotation03" finished-at="2026-01-16T14:03:24 IST" depends-on-methods="com.qa.testCases.TestNgAll2.annotation04" duration-ms="2" status="PASS">
          <reporter-output>
          </reporter-output>
        </test-method> <!-- annotation03 -->
      </class> <!-- com.qa.testCases.TestNgAll2 -->
      <class name="com.qa.testCases.TestNgAll">
        <test-method signature="annotation05()[pri:0, instance:com.qa.testCases.TestNgAll@291ae]" started-at="2026-01-16T14:03:24 IST" name="annotation05" finished-at="2026-01-16T14:03:24 IST" duration-ms="24" status="PASS">
          <reporter-output>
          </reporter-output>
        </test-method> <!-- annotation05 -->
        <test-method signature="annotation07()[pri:0, instance:com.qa.testCases.TestNgAll@291ae]" started-at="2026-01-16T14:03:24 IST" name="annotation07" finished-at="2026-01-16T14:03:24 IST" duration-ms="2" status="PASS">
          <reporter-output>
          </reporter-output>
        </test-method> <!-- annotation07 -->
        <test-method signature="annotation10()[pri:0, instance:com.qa.testCases.TestNgAll@291ae]" started-at="2026-01-16T14:03:24 IST" name="annotation10" finished-at="2026-01-16T14:03:24 IST" duration-ms="2" status="PASS">
          <reporter-output>
          </reporter-output>
        </test-method> <!-- annotation10 -->
      </class> <!-- com.qa.testCases.TestNgAll -->
    </test> <!-- Test2 -->
  </suite> <!-- Suite2 -->
</testng-results>
