<?xml version="1.0" encoding="UTF-8"?>
<!-- Generated by org.testng.reporters.JUnitReportReporter -->
<testsuite hostname="DESKTOP-MT8P8LQ" failures="0" tests="3" name="com.qa.testCases.TestNgAll" time="0.028" errors="0" timestamp="2026-01-16T14:03:24 IST" skipped="0">
  <testcase classname="com.qa.testCases.TestNgAll" name="annotation05" time="0.024"/>
  <system-out/>
  <testcase classname="com.qa.testCases.TestNgAll" name="annotation10" time="0.002"/>
  <system-out/>
  <testcase classname="com.qa.testCases.TestNgAll" name="annotation07" time="0.002"/>
  <system-out/>
</testsuite> <!-- com.qa.testCases.TestNgAll -->
