<?xml version="1.0" encoding="UTF-8"?>
<!-- Generated by org.testng.reporters.JUnitReportReporter -->
<testsuite hostname="DESKTOP-MT8P8LQ" failures="0" tests="8" name="com.qa.testCases.SearchTest" time="-1750251264.000" errors="1" timestamp="2025-06-18T18:23:43 IST" skipped="7">
  <testcase classname="com.qa.testCases.SearchTest" name="setup" time="-1750251264.000">
    <error message="
Parameter &#039;browser&#039; is required by BeforeMethod on method setup but has not been marked @Optional or defined
in C:\Users\Admin\eclipse-workspace\testNgPractice\src\test\resources\testngAddToCart.xml" type="org.testng.TestNGException">
      <![CDATA[org.testng.TestNGException: 
Parameter 'browser' is required by BeforeMethod on method setup but has not been marked @Optional or defined
in C:\Users\Admin\eclipse-workspace\testNgPractice\src\test\resources\testngAddToCart.xml
at org.testng.internal.Parameters.createParams(Parameters.java:270)
at org.testng.internal.Parameters.createParametersForMethod(Parameters.java:358)
at org.testng.internal.Parameters.createParameters(Parameters.java:700)
at org.testng.internal.Parameters.createConfigurationParameters(Parameters.java:168)
at org.testng.internal.ConfigInvoker.invokeConfigurations(ConfigInvoker.java:302)
at org.testng.internal.TestInvoker.runConfigMethods(TestInvoker.java:700)
at org.testng.internal.TestInvoker.invokeMethod(TestInvoker.java:527)
at org.testng.internal.TestInvoker.invokeTestMethod(TestInvoker.java:173)
at org.testng.internal.MethodRunner.runInSequence(MethodRunner.java:46)
at org.testng.internal.TestInvoker$MethodInvocationAgent.invoke(TestInvoker.java:824)
at org.testng.internal.TestInvoker.invokeTestMethods(TestInvoker.java:146)
at org.testng.internal.TestMethodWorker.invokeTestMethods(TestMethodWorker.java:146)
at org.testng.internal.TestMethodWorker.run(TestMethodWorker.java:128)
at java.base/java.util.concurrent.ThreadPoolExecutor.runWorker(ThreadPoolExecutor.java:1144)
at java.base/java.util.concurrent.ThreadPoolExecutor$Worker.run(ThreadPoolExecutor.java:642)
at java.base/java.lang.Thread.run(Thread.java:1583)
]]>
    </error>
  </testcase> <!-- setup -->
  <system-out/>
  <testcase classname="com.qa.testCases.SearchTest" name="searchProduct01" time="0.000">
    <skipped/>
  </testcase> <!-- searchProduct01 -->
  <system-out/>
  <testcase classname="com.qa.testCases.SearchTest" name="searchProduct01" time="0.000">
    <skipped/>
  </testcase> <!-- searchProduct01 -->
  <system-out/>
  <testcase classname="com.qa.testCases.SearchTest" name="searchProduct01" time="0.000">
    <skipped/>
  </testcase> <!-- searchProduct01 -->
  <system-out/>
  <testcase classname="com.qa.testCases.SearchTest" name="searchProduct01" time="0.000">
    <skipped/>
  </testcase> <!-- searchProduct01 -->
  <system-out/>
  <testcase classname="com.qa.testCases.SearchTest" name="searchProduct01" time="0.000">
    <skipped/>
  </testcase> <!-- searchProduct01 -->
  <system-out/>
  <testcase classname="com.qa.testCases.SearchTest" name="searchProduct02" time="0.000">
    <skipped/>
  </testcase> <!-- searchProduct02 -->
  <system-out/>
  <testcase classname="com.qa.testCases.SearchTest" name="searchProduct03" time="0.000">
    <skipped/>
  </testcase> <!-- searchProduct03 -->
  <system-out/>
</testsuite> <!-- com.qa.testCases.SearchTest -->
