<?xml version="1.0" encoding="UTF-8"?>
<!-- Generated by org.testng.reporters.JUnitReportReporter -->
<testsuite hostname="DESKTOP-MT8P8LQ" failures="0" tests="8" name="com.qa.testCases.TestNgAll2" time="0.023" errors="0" timestamp="2026-01-16T14:03:24 IST" skipped="0">
  <testcase classname="com.qa.testCases.TestNgAll2" name="annotation04" time="0.003"/>
  <system-out/>
  <testcase classname="com.qa.testCases.TestNgAll2" name="annotation07" time="0.002"/>
  <system-out/>
  <testcase classname="com.qa.testCases.TestNgAll2" name="annotation03" time="0.002"/>
  <system-out/>
  <testcase classname="com.qa.testCases.TestNgAll2" name="annotation09" time="0.001"/>
  <system-out/>
  <testcase classname="com.qa.testCases.TestNgAll2" name="annotation01" time="0.008"/>
  <system-out/>
  <testcase classname="com.qa.testCases.TestNgAll2" name="annotation05" time="0.001"/>
  <system-out/>
  <testcase classname="com.qa.testCases.TestNgAll2" name="annotation08" time="0.004"/>
  <system-out/>
  <testcase classname="com.qa.testCases.TestNgAll2" name="annotation10" time="0.002"/>
  <system-out/>
</testsuite> <!-- com.qa.testCases.TestNgAll2 -->
