<?xml version="1.0" encoding="UTF-8"?>
<!-- Generated by org.testng.reporters.JUnitReportReporter -->
<testsuite hostname="DESKTOP-MT8P8LQ" failures="0" tests="3" name="com.qa.testCases.Priority" time="0.029" errors="0" timestamp="2025-12-27T16:49:24 IST" skipped="1">
  <testcase classname="com.qa.testCases.Priority" name="test003" time="0.023"/>
  <system-out/>
  <testcase classname="com.qa.testCases.Priority" name="test002" time="0.006"/>
  <system-out/>
  <testcase classname="com.qa.testCases.Priority" name="test001">
    <skipped/>
  </testcase> <!-- test001 -->
  <system-out/>
</testsuite> <!-- com.qa.testCases.Priority -->
