<?xml version="1.0" encoding="UTF-8"?>
<!-- Generated by org.testng.reporters.JUnitReportReporter -->
<testsuite hostname="DESKTOP-MT8P8LQ" failures="0" tests="2" name="com.qa.testCases.Annotation_Sequence" time="0.027" errors="0" timestamp="2025-06-18T18:23:43 IST" skipped="0">
  <testcase classname="com.qa.testCases.Annotation_Sequence" name="test0012" time="0.017"/>
  <system-out/>
  <testcase classname="com.qa.testCases.Annotation_Sequence" name="test001" time="0.010"/>
  <system-out/>
</testsuite> <!-- com.qa.testCases.Annotation_Sequence -->
